[00000001] main libvlc debug: VLC media player - version 0.9.4 Grishenko - (c) 1996-2008 the VideoLAN team
[00000001] main libvlc debug: libvlc was configured with ./configure  '--build=i486-linux-gnu' '--enable-maintaner-mode' '--enable-release' '--prefix=/usr' '--enable-libtool' '--enable-fast-install' '--with-binary-version=1ubuntu3.1' '--disable-update-check' '--disable-gnome' '--disable-gtk' '--disable-familiar' '--disable-fb' '--enable-ggi' '--enable-sdl' '--enable-esd' '--enable-mad' '--enable-arts' '--enable-jack' '--enable-pulse' '--enable-lirc' '--enable-a52' '--enable-aa' '--enable-dvbpsi' '--enable-mozilla' '--with-mozilla-pkg=libxul-plugin' '--disable-kde' '--enable-mp4' '--enable-dvb' '--disable-satellite' '--enable-ogg' '--enable-vorbis' '--enable-shout' '--enable-qt4' '--disable-slp' '--enable-flac' '--disable-skins' '--disable-basic-skins' '--enable-skins2' '--enable-freetype' '--enable-mkv' '--enable-speex' '--enable-caca' '--enable-live555' '--enable-libmpeg2' '--enable-fribidi' '--enable-cdio' '--enable-mod' '--enable-theora' '--enable-modplug' '--enable-dvdnav' '--enable-gnutls' '--enable-ffmpeg' '--enable-ncurses' '--enable-smb' '--disable-gnomevfs' '--enable-bonjour' '--enable-mpc' '--enable-vcd' '--enable-vcdx' '--enable-notify' '--enable-twolame' '--enable-x264' '--enable-faad' '--disable-zvbi' '--enable-telx' '--enable-mediacontrol-bindings' '--disable-atmo' '--enable-taglib' '--enable-libass' '--enable-libdca' '--enable-alsa' '--enable-dv' '--enable-v4l' '--enable-v4l2' '--enable-pvr' '--enable-svgalib' '--enable-dvd' '--without-dvdcss' 'build_alias=i486-linux-gnu' 'CFLAGS=-g -O2' 'LDFLAGS=-Wl,--as-needed' 'CPPFLAGS=' 'CXXFLAGS=-g -O2'
[00000001] main libvlc debug: translation test: code is "C"
[00000001] main libvlc debug: checking builtin modules
[00000001] main libvlc debug: checking plugin modules
[00000001] main libvlc debug: loading plugins cache file /home/jb/.cache/vlc/plugins-04041e.dat
[00000001] main libvlc debug: recursively browsing `/usr/lib/vlc'
[00000001] main libvlc debug: module bank initialized, found 271 modules
[00000001] main libvlc debug: opening config file (/home/jb/.config/vlc/vlcrc)
[00000001] main libvlc debug: CPU has capabilities 486 586 MMX MMXEXT SSE SSE2 FPU 
[00000001] main libvlc debug: looking for memcpy module: 3 candidates
[00000001] main libvlc debug: using memcpy module "memcpymmxext"
[00000369] main interaction debug: thread 3079973776 (Interaction control) created at priority 0 (interface/interaction.c:382)
[00000369] main interaction debug: thread started
[00000371] main input debug: Creating an input for 'Media Library'
[00000371] main input debug: Input is a meta file: disabling unneeded options
[00000371] main input debug: `file/xspf-open:///home/jb/.local/share/vlc/ml.xspf' gives access `file' demux `xspf-open' path `/home/jb/.local/share/vlc/ml.xspf'
[00000371] main input debug: creating access 'file' path='/home/jb/.local/share/vlc/ml.xspf'
[00000372] main access debug: looking for access module: 3 candidates
[00000372] access_mmap access debug: opening file /home/jb/.local/share/vlc/ml.xspf
[00000372] main access debug: using access module "access_mmap"
[00000372] main access debug: TIMER module_Need() : 0.810 ms - Total 0.810 ms / 1 intvls (Avg 0.810 ms)
[00000376] main stream debug: Using AStream*Block
[00000376] main stream debug: pre buffering
[00000376] main stream debug: received first data for our buffer
[00000372] access_mmap access debug: at end of memory mapped file
[00000371] main input debug: creating demux: access='file' demux='xspf-open' path='/home/jb/.local/share/vlc/ml.xspf'
[00000377] main demux debug: looking for demux module: 1 candidate
[00000377] playlist demux debug: using XSPF playlist reader
[00000377] main demux debug: using demux module "playlist"
[00000377] main demux debug: TIMER module_Need() : 0.778 ms - Total 0.778 ms / 1 intvls (Avg 0.778 ms)
[00000371] main input debug: `file/xspf-open:///home/jb/.local/share/vlc/ml.xspf' successfully opened
[00000392] main xml debug: looking for xml module: 2 candidates
[00000392] main xml debug: using xml module "xml"
[00000392] main xml debug: TIMER module_Need() : 0.546 ms - Total 0.546 ms / 1 intvls (Avg 0.546 ms)
[00000372] access_mmap access debug: at end of memory mapped file
[00000377] playlist demux warning: invalid <playlist> attribute:"xmlns:vlc"
[00000377] playlist demux debug: parsed 0 tracks successfully
[00000392] main xml debug: removing module "xml"
[00000371] main input debug: EOF reached
[00000371] main input debug: control type=1
[00000377] main demux debug: removing module "playlist"
[00000372] main access debug: removing module "access_mmap"
[00000371] main input debug: TIMER input launching for 'Media Library' : 6.655 ms - Total 6.655 ms / 1 intvls (Avg 6.655 ms)
[00000394] main preparser debug: waiting for thread initialization
[00000394] main preparser debug: thread started
[00000394] main preparser debug: thread 3070102416 (preparser) created at priority 0 (playlist/thread.c:79)
[00000395] main fetcher debug: waiting for thread initialization
[00000395] main fetcher debug: thread started
[00000395] main fetcher debug: thread 3061709712 (fetcher) created at priority 0 (playlist/thread.c:108)
[00000370] main playlist debug: waiting for thread initialization
[00000370] main playlist debug: thread started
[00000370] main playlist debug: rebuilding array of current - root Playlist
[00000370] main playlist debug: rebuild done - 0 items, index -1
[00000370] main playlist debug: thread 3053317008 (playlist) created at priority 0 (playlist/thread.c:117)
[00000396] main interface debug: looking for interface module: 1 candidate
[00000396] main interface debug: using interface module "hotkeys"
[00000396] main interface debug: TIMER module_Need() : 0.208 ms - Total 0.208 ms / 1 intvls (Avg 0.208 ms)
[00000396] main interface debug: thread 3044924304 (interface) created at priority 0 (interface/interface.c:168)
[00000396] main interface debug: thread started
[00000398] main interface debug: looking for interface module: 1 candidate
[00000398] main interface debug: using interface module "inhibit"
[00000398] main interface debug: TIMER module_Need() : 4.632 ms - Total 4.632 ms / 1 intvls (Avg 4.632 ms)
[00000398] main interface debug: thread started
[00000398] main interface debug: thread 3036531600 (interface) created at priority 0 (interface/interface.c:168)
[00000400] main interface debug: looking for interface module: 1 candidate
[00000400] main interface debug: using interface module "screensaver"
[00000400] main interface debug: TIMER module_Need() : 0.362 ms - Total 0.362 ms / 1 intvls (Avg 0.362 ms)
[00000400] main interface debug: thread started
[00000400] main interface debug: thread 3028138896 (interface) created at priority 0 (interface/interface.c:168)
[00000370] main playlist debug: adding item `jammr' ( ../jammbin/jammr/src/jammr )
JThread::JThread()
UpnpMediaRenderer::UpnpMediaRenderer() m_AvTransport: 0xa14c200
UpnpMediaRenderer::UpnpMediaRenderer() TransportState sending events: false
UpnpMediaRenderer::UpnpMediaRenderer() TransportState sending events indirectly: true
UpnpMediaRenderer::UpnpMediaRenderer() LastChange sending events: true
UpnpMediaRenderer::UpnpMediaRenderer() m_AvRenderingControl: 0xa17aa00
UpnpMediaRenderer::UpnpMediaRenderer() LastChange sending events: true
JThread::start()
JThread::startThread()
JTimer::run()
UpnpMediaRenderer::OnSetAVTransportURI() CurrentTrackMetaData: <DIDL-Lite xmlns="urn:schemas-upnp-org:metadata-1-0/DIDL-Lite/" xmlns:dc="http://purl.org/dc/elements/1.1/" xmlns:upnp="urn:schemas-upnp-org:metadata-1-0/upnp/" xmlns:dlna="urn:schemas-dlna-org:metadata-1-0"><?xml version="1.0" encoding="UTF-8"?>
<item id="/var/lib/video.00/Das_große_Hessenquiz/2009-03-01.21.30.99.99.rec/" parentID="2" restricted="1">
  <dc:title>Das große Hessenquiz</dc:title>
  <upnp:artist/>
  <res size="148553394" protocolInfo="http-get:*:video/mpeg:*">http://192.168.178.21:5656//var/lib/video.00/Das_große_Hessenquiz/2009-03-01.21.30.99.99.rec/</res>
  <upnp:class>object.item.videoItem.movie</upnp:class>
</item></DIDL-Lite>
UpnpMediaRenderer::OnPlay() enters in state: STOPPED
EngineVlc::load(): media is not seekable
[00000402] main input debug: Creating an input for 'http://192.168.178.21:5656//var/lib/video.00/Das_große_Hessenquiz/2009-03-01.21.30.99.99.rec/'
[00000402] main input debug: thread started
[00000402] main input debug: waiting for thread initialization
[00000402] main input debug: `http://192.168.178.21:5656//var/lib/video.00/Das_große_Hessenquiz/2009-03-01.21.30.99.99.rec/' gives access `http' demux `' path `192.168.178.21:5656//var/lib/video.00/Das_große_Hessenquiz/2009-03-01.21.30.99.99.rec/'
[00000402] main input debug: creating demux: access='http' demux='' path='192.168.178.21:5656//var/lib/video.00/Das_große_Hessenquiz/2009-03-01.21.30.99.99.rec/'
[00000403] main demux debug: looking for access_demux module: 0 candidates
[00000403] main demux warning: no access_demux module matched "http"
[00000403] main demux debug: TIMER module_Need() : 0.208 ms - Total 0.208 ms / 1 intvls (Avg 0.208 ms)
[00000402] main input debug: creating access 'http' path='192.168.178.21:5656//var/lib/video.00/Das_große_Hessenquiz/2009-03-01.21.30.99.99.rec/'
[00000404] main access debug: looking for access module: 2 candidates
[00000404] access_http access debug: http: server='192.168.178.21' port=5656 file='//var/lib/video.00/Das_große_Hessenquiz/2009-03-01.21.30.99.99.rec/
[00000404] main access debug: net: connecting to 192.168.178.21 port 5656
[00000404] main access debug: connection: Operation now in progress
[00000402] main input debug: thread 2944211856 (input) created at priority 10 (input/input.c:370)
[00000404] main access debug: connection succeeded (socket = 25)
[00000404] access_http access debug: protocol 'HTTP' answer code 206
[00000404] access_http access debug: Server: Platinum/0.4.6
[00000404] access_http access debug: stream size=148553394,pos=0,remaining=148553394
[00000404] access_http access debug: Connection: close
[00000404] access_http access debug: this frame size=148553394
[00000404] access_http access debug: Content-Type: video/mpeg
[00000404] main access debug: using access module "access_http"
[00000404] main access debug: TIMER module_Need() : 12.077 ms - Total 12.077 ms / 1 intvls (Avg 12.077 ms)
[00000406] main stream debug: Using AStream*Stream
[00000406] main stream debug: pre-buffering...
[00000406] main stream debug: received first data for our buffer
[00000406] main stream debug: pre-buffering done 161432 bytes in 0s - 1575 kbytes/s
[00000402] main input debug: creating demux: access='http' demux='' path='192.168.178.21:5656//var/lib/video.00/Das_große_Hessenquiz/2009-03-01.21.30.99.99.rec/'
[00000407] main demux debug: looking for demux module: 52 candidates
[00000407] main demux debug: using demux module "ps"
[00000407] main demux debug: TIMER module_Need() : 14.334 ms - Total 14.334 ms / 1 intvls (Avg 14.334 ms)
[00000402] main input debug: `http://192.168.178.21:5656//var/lib/video.00/Das_große_Hessenquiz/2009-03-01.21.30.99.99.rec/' successfully opened
[00000404] access_http access debug: trying to seek to 148353394
[00000404] main access debug: net: connecting to 192.168.178.21 port 5656
[00000404] main access debug: connection: Operation now in progress
[00000404] main access debug: connection succeeded (socket = 16)
[00000404] access_http access debug: protocol 'HTTP' answer code 206
[00000404] access_http access debug: Server: Platinum/0.4.6
[00000404] access_http access debug: stream size=148553394,pos=148353394,remaining=200000
[00000404] access_http access debug: Connection: close
[00000404] access_http access debug: this frame size=200000
[00000404] access_http access debug: Content-Type: video/mpeg
[00000407] ps demux warning: garbage at input, trying to resync...
[00000407] ps demux warning: found sync code
EngineVlc::getLength() seconds: 0.000000
EngineVlc::getPosition() time: 0, perc: 0.000000
[00000404] access_http access debug: trying to seek to 228729
[00000404] main access debug: net: connecting to 192.168.178.21 port 5656
[00000404] main access debug: connection: Operation now in progress
[00000404] main access debug: connection succeeded (socket = 16)
[00000404] access_http access debug: protocol 'HTTP' answer code 206
[00000404] access_http access debug: Server: Platinum/0.4.6
[00000404] access_http access debug: stream size=148553394,pos=228729,remaining=148324665
[00000404] access_http access debug: Connection: close
[00000404] access_http access debug: this frame size=148324665
[00000404] access_http access debug: Content-Type: video/mpeg
[00000407] ps demux debug: we found a length of: 78351745266
[00000402] main input debug: selecting program id=0
[00000440] main decoder debug: looking for decoder module: 30 candidates
[00000440] main decoder debug: using decoder module "libmpeg2"
[00000440] main decoder debug: TIMER module_Need() : 3.893 ms - Total 3.893 ms / 1 intvls (Avg 3.893 ms)
[00000440] main decoder debug: thread 2986175376 (decoder) created at priority 0 (input/decoder.c:217)
[00000440] main decoder debug: thread started
[00000402] main input debug: control type=1
[00000440] libmpeg2 decoder debug: 720x576 (display 720,576), aspect 768000, sar 64:45, 25.000 fps
[00000440] main decoder debug: no usable vout present, spawning one
[00000448] main decoder debug: looking for decoder module: 30 candidates
[00000446] main video output debug: window size: 1024x576
[00000446] main video output debug: looking for video output module: 6 candidates
[00000448] main decoder debug: using decoder module "mpeg_audio"
[00000448] main decoder debug: TIMER module_Need() : 6.815 ms - Total 6.815 ms / 1 intvls (Avg 6.815 ms)
[00000448] main decoder debug: thread started
[00000448] main decoder debug: thread 2915380112 (decoder) created at priority 5 (input/decoder.c:217)
[00000448] mpeg_audio decoder debug: waiting for PTS
[00000448] mpeg_audio decoder debug: waiting for PTS
[00000448] mpeg_audio decoder debug: waiting for PTS
[00000446] xvideo video output debug: adaptor 0, port 70, format 0x32315659 (YV12) planar
[00000448] mpeg_audio decoder debug: waiting for PTS
[00000448] mpeg_audio decoder debug: waiting for PTS
[00000446] xvideo video output debug: XShm video extension v1.1 (without pixmaps, opcode: 145)
[00000446] xvideo video output debug: Window manager supports NetWM
[00000446] xvideo video output debug: Window manager supports _NET_WM_STATE_FULLSCREEN
[00000446] xvideo video output debug: Window manager supports _NET_WM_STATE_ABOVE
[00000446] xvideo video output debug: Window manager supports _NET_WM_STATE_BELOW
[00000446] xvideo video output debug: Window manager supports _NET_WM_STATE_STAYS_ON_TOP
[00000446] main video output debug: using video output module "xvideo"
[00000446] main video output debug: TIMER module_Need() : 15.623 ms - Total 15.623 ms / 1 intvls (Avg 15.623 ms)
[00000446] main video output debug: waiting for thread initialization
[00000446] main video output debug: thread started
[00000446] main video output debug: got 8 direct buffer(s)
[00000446] main video output debug: picture in 720x576 (0,0,720x576), chroma I420, ar 16:9, sar 64:45
[00000446] main video output debug: picture user 720x576 (0,0,720x576), chroma I420, ar 16:9, sar 64:45
[00000446] main video output debug: picture out 720x576 (0,0,720x576), chroma I420, ar 16:9, sar 64:45
[00000446] main video output debug: direct render, mapping render pictures 0-6 to system pictures 1-7
[00000446] main video output debug: thread 2906909584 (video output) created at priority 15 (video_output/video_output.c:504)
[00000407] ps demux debug: force SCR: 78111745266
[00000448] mpeg_audio decoder debug: MPGA channels:2 samplerate:48000 bitrate:192
[00000448] main decoder debug: no aout present, spawning one
[00000463] main audio output debug: looking for audio output module: 3 candidates
ALSA lib pcm_hw.c:1429:(_snd_pcm_hw_open) Invalid value for card
[00000463] alsa audio output debug: failed to find a useable alsa configuration
[00000463] main audio output debug: thread 2893536144 (aout) created at priority 15 (oss.c:520)
[00000463] main audio output debug: using audio output module "oss"
[00000463] main audio output debug: thread started
[00000463] main audio output debug: TIMER module_Need() : 6.727 ms - Total 6.727 ms / 1 intvls (Avg 6.727 ms)
[00000463] main audio output debug: output 's16l' 48000 Hz Stereo frame=1 samples/4 bytes
[00000463] main audio output debug: mixer 'fl32' 48000 Hz Stereo frame=1 samples/8 bytes
[00000463] main audio output debug: filter(s) 'fl32'->'s16l' 48000 Hz->48000 Hz Stereo->Stereo
[00000464] main audio output debug: looking for audio filter module: 24 candidates
[00000464] main audio output debug: using audio filter module "converter_float"
[00000464] main audio output debug: TIMER module_Need() : 4.033 ms - Total 4.033 ms / 1 intvls (Avg 4.033 ms)
[00000463] main audio output debug: found a filter for the whole conversion
[00000463] main audio output debug: looking for audio mixer module: 3 candidates
[00000463] main audio output debug: using audio mixer module "float32_mixer"
[00000463] main audio output debug: TIMER module_Need() : 0.450 ms - Total 0.450 ms / 1 intvls (Avg 0.450 ms)
[00000463] main audio output debug: input 'mpga' 48000 Hz Stereo frame=1152 samples/1161 bytes
[00000463] main audio output debug: filter(s) 'mpga'->'fl32' 48000 Hz->48000 Hz Stereo->Stereo
[00000497] main audio output debug: looking for audio filter module: 24 candidates
[00000497] main audio output debug: using audio filter module "mpgatofixed32"
[00000497] main audio output debug: TIMER module_Need() : 0.215 ms - Total 0.215 ms / 1 intvls (Avg 0.215 ms)
[00000463] main audio output debug: found a filter for the whole conversion
[00000463] main audio output debug: filter(s) 'fl32'->'fl32' 52800 Hz->48000 Hz Stereo->Stereo
[00000498] main audio output debug: looking for audio filter module: 24 candidates
[00000498] main audio output debug: using audio filter module "bandlimited_resampler"
[00000498] main audio output debug: TIMER module_Need() : 0.259 ms - Total 0.259 ms / 1 intvls (Avg 0.259 ms)
[00000463] main audio output debug: found a filter for the whole conversion
[00000407] ps demux debug: force SCR: 78111833355
[00000440] main decoder warning: decoder synchro warning: pts != current_date (-1262279)
[00000407] ps demux debug: force SCR: 78111937266
[00000407] ps demux debug: force SCR: 78112025355
[00000407] ps demux debug: force SCR: 78112129266
[00000407] ps demux debug: force SCR: 78112217355
[00000407] ps demux debug: force SCR: 78112321266
[00000407] ps demux debug: force SCR: 78112409355
[00000407] ps demux debug: force SCR: 78112513266
[00000407] ps demux debug: force SCR: 78112601355
EngineVlc::getLength() seconds: 78351.742188
EngineVlc::getPosition() time: 78113, perc: 0.000003
[00000407] ps demux debug: force SCR: 78112705266
[00000407] ps demux debug: force SCR: 78112793355
[00000407] ps demux debug: force SCR: 78112897266
[00000407] ps demux debug: force SCR: 78112985355
[00000407] ps demux debug: force SCR: 78113089266
[00000407] ps demux debug: force SCR: 78113177355
[00000407] ps demux debug: force SCR: 78113281266
[00000500] main spu text debug: looking for text renderer module: 2 candidates
[00000502] main generic debug: thread started
[00000502] main generic debug: thread 2884696976 (fontlist builder) created at priority 0 (freetype.c:477)
[00000500] freetype spu text debug: using fontsize: 36
[00000500] main spu text debug: using text renderer module "freetype"
[00000500] main spu text debug: TIMER module_Need() : 16.547 ms - Total 16.547 ms / 1 intvls (Avg 16.547 ms)
[00000500] freetype spu text debug: using fontsize: 36
[00000502] freetype generic debug: Building font database...
[00000502] freetype generic debug: Finished building font database.
[00000502] freetype generic debug: Took 0 seconds
[00000502] main generic debug: thread ended
[00000499] main blend debug: looking for video blending module: 1 candidate
[00000499] blend blend debug: chroma: YUVA -> I420
[00000499] main blend debug: using video blending module "blend"
[00000499] main blend debug: TIMER module_Need() : 0.560 ms - Total 0.560 ms / 1 intvls (Avg 0.560 ms)
[00000407] ps demux debug: force SCR: 78113369355
[00000407] ps demux debug: force SCR: 78113473266
[00000407] ps demux debug: force SCR: 78113561355
[00000407] ps demux debug: force SCR: 78113665266
EngineVlc::getPosition() time: 78113, perc: 0.000006
[00000407] ps demux debug: force SCR: 78113753355
[00000407] ps demux debug: force SCR: 78113857266
[00000407] ps demux debug: force SCR: 78113945355
[00000407] ps demux debug: force SCR: 78114049266
[00000407] ps demux debug: force SCR: 78114137355
[00000407] ps demux debug: force SCR: 78114241266
[00000407] ps demux debug: force SCR: 78114329355
[00000407] ps demux debug: force SCR: 78114433266
[00000407] ps demux debug: force SCR: 78114521355
[00000407] ps demux debug: force SCR: 78114625266
EngineVlc::getPosition() time: 78114, perc: 0.000010
[00000407] ps demux debug: force SCR: 78114713355
[00000407] ps demux debug: force SCR: 78114817266
[00000407] ps demux debug: force SCR: 78114905355
[00000407] ps demux debug: force SCR: 78115009266
[00000407] ps demux debug: force SCR: 78115097355
[00000407] ps demux debug: force SCR: 78115201266
[00000407] ps demux debug: force SCR: 78115289355
[00000407] ps demux debug: force SCR: 78115393266
[00000407] ps demux debug: force SCR: 78115481355
[00000407] ps demux debug: force SCR: 78115585266
[00000407] ps demux debug: force SCR: 78115673355
EngineVlc::getPosition() time: 78116, perc: 0.000014
[00000407] ps demux debug: force SCR: 78115777266
UpnpMediaRenderer::OnSeek() enters in state: PLAYING
UpnpMediaRenderer::OnSeek() seek mode: ABS_TIME, seek target: 00:26:21.000
[00000402] main input debug: control type=7
[00000407] ps demux warning: garbage at input, trying to resync...
[00000407] ps demux warning: found sync code
[00000407] ps demux debug: force SCR: 78111745266
[00000407] ps demux debug: force SCR: 78111833355
[00000440] main decoder warning: decoder synchro warning: pts != current_date (-1352746)
[00000448] main decoder debug: End of audio preroll
[00000407] ps demux debug: force SCR: 78111937266
[00000440] main decoder warning: backward_pts != dts (1392746)
[00000440] main decoder warning: backward_pts != current_pts (1392746)
[00000440] main decoder warning: decoder synchro warning: pts != current_date (-1392746)
[00000407] ps demux debug: force SCR: 78112025355
[00000407] ps demux debug: force SCR: 78112129266
[00000407] ps demux debug: force SCR: 78112217355
[00000407] ps demux debug: force SCR: 78112321266
[00000440] main decoder debug: End of video preroll
[00000407] ps demux debug: force SCR: 78112409355
[00000407] ps demux debug: force SCR: 78112513266
[00000463] main audio output warning: computed PTS is out of range (172809), clearing out
[00000463] main audio output warning: output PTS is out of range (173190), clearing out
[00000463] main audio output debug: audio output is starving (473020), playing silence
[00000407] ps demux debug: force SCR: 78112601355
EngineVlc::getPosition() time: 78116, perc: 0.000003
[00000407] ps demux debug: force SCR: 78112705266
[00000407] ps demux debug: force SCR: 78112793355
[00000407] ps demux debug: force SCR: 78112897266
[00000407] ps demux debug: force SCR: 78112985355
[00000407] ps demux debug: force SCR: 78113089266
[00000407] ps demux debug: force SCR: 78113177355
[00000407] ps demux debug: force SCR: 78113281266
[00000407] ps demux debug: force SCR: 78113369355
[00000407] ps demux debug: force SCR: 78113473266
[00000407] ps demux debug: force SCR: 78113561355
[00000407] ps demux debug: force SCR: 78113665266
EngineVlc::getPosition() time: 78116, perc: 0.000006
[00000407] ps demux debug: force SCR: 78113753355
[00000407] ps demux debug: force SCR: 78113857266
[00000407] ps demux debug: force SCR: 78113945355
[00000407] ps demux debug: force SCR: 78114049266
[00000407] ps demux debug: force SCR: 78114137355
[00000407] ps demux debug: force SCR: 78114241266
[00000407] ps demux debug: force SCR: 78114329355
[00000407] ps demux debug: force SCR: 78114433266
[00000407] ps demux debug: force SCR: 78114521355
[00000440] main decoder debug: decoded 88/103 pictures
[00000407] ps demux debug: force SCR: 78114625266
EngineVlc::getPosition() time: 78116, perc: 0.000010
[00000407] ps demux debug: force SCR: 78114713355
[00000407] ps demux debug: force SCR: 78114817266
[00000407] ps demux debug: force SCR: 78114905355
[00000407] ps demux debug: force SCR: 78115009266
[00000407] ps demux debug: force SCR: 78115097355
[00000407] ps demux debug: force SCR: 78115201266
[00000407] ps demux debug: force SCR: 78115289355
[00000407] ps demux debug: force SCR: 78115393266
[00000407] ps demux debug: force SCR: 78115481355
[00000407] ps demux debug: force SCR: 78115585266
EngineVlc::getPosition() time: 78116, perc: 0.000013
[00000407] ps demux debug: force SCR: 78115673355
[00000407] ps demux debug: force SCR: 78115777266
[00000407] ps demux debug: force SCR: 78115865355
[00000407] ps demux debug: force SCR: 78115969266
[00000407] ps demux debug: force SCR: 78116057355
[00000407] ps demux debug: force SCR: 78116161266
UpnpMediaRenderer::OnStop() enters in state: PLAYING
[00000404] main access debug: waitpipe: object killed
[00000448] main decoder debug: removing module "mpeg_audio"
[00000448] main decoder debug: thread ended
[00000440] main decoder debug: removing module "libmpeg2"
[00000440] main decoder debug: thread ended
[00000402] main input debug: control type=0
[00000402] main input debug: control: stopping input
[00000448] main decoder debug: thread 2915380112 joined (input/decoder.c:248)
[00000448] main decoder debug: killing decoder fourcc `mpga', 31 PES in FIFO
[00000497] main audio output debug: removing module "mpgatofixed32"
[00000498] main audio output debug: removing module "bandlimited_resampler"
[00000463] main audio output debug: thread ended
[00000463] main audio output debug: thread 2893536144 joined (oss.c:548)
[00000463] main audio output debug: removing module "oss"
[00000464] main audio output debug: removing module "converter_float"
[00000463] main audio output debug: removing module "float32_mixer"
[00000504] main decoder debug: looking for decoder module: 30 candidates
[00000504] main decoder debug: using decoder module "mpeg_audio"
[00000504] main decoder debug: TIMER module_Need() : 0.480 ms - Total 0.480 ms / 1 intvls (Avg 0.480 ms)
[00000504] main decoder debug: thread 2893536144 (decoder) created at priority 5 (input/decoder.c:217)
[00000504] main decoder debug: thread started
[00000504] main decoder debug: removing module "mpeg_audio"
[00000504] main decoder debug: thread ended
[00000504] main decoder debug: thread 2893536144 joined (input/decoder.c:248)
[00000504] main decoder debug: killing decoder fourcc `mpga', 1 PES in FIFO
[00000440] main decoder debug: thread 2986175376 joined (input/decoder.c:248)
[00000440] main decoder debug: killing decoder fourcc `mpgv', 325 PES in FIFO
[00000499] main blend debug: removing module "blend"
[00000502] main generic debug: thread 2884696976 joined (freetype.c:511)
[00000500] main spu text debug: removing module "freetype"
[00000446] main video output debug: thread ended
[00000446] main video output debug: thread 2906909584 joined (video_output/video_output.c:536)
[00000446] main video output debug: removing module "xvideo"
[00000402] main input debug: Program doesn't contain anymore ES
[00000407] main demux debug: removing module "ps"
[00000404] main access debug: removing module "access_http"
[00000402] main input debug: thread ended
[00000402] main input debug: thread 2944211856 joined (control/media_player.c:100)
[00000402] main input debug: TIMER input launching for 'http://192.168.178.21:5656//var/lib/video.00/Das_große_Hessenquiz/2009-03-01.21.30.99.99.rec/' : 132.290 ms - Total 132.290 ms / 1 intvls (Avg 132.290 ms)
UpnpMediaRenderer::~UpnpMediaRenderer()
