JThread::JThread()
UpnpController::UpnpController() 
UpnpController::UpnpController() starting threads ... 
JThread::start()
JThread::startThread()
JTimer::run()
UpnpBrowserModel::canFetchMore() parent objectId:  
UpnpBrowserModel::canFetchMore() parent objectId:  
UpnpBrowserModel::canFetchMore() parent objectId:  
UpnpBrowserModel::canFetchMore() parent objectId:  
UpnpController::OnMSAddedRemoved() added server: MediaTomb b0c3c946-7315-46a3-883c-0d150866e4b6 
UpnpBrowserModel::hasChildren() parent objectId:  
UpnpBrowserModel::serverAddedRemoved() add server: MediaTomb 
UpnpBrowserModel::canFetchMore() parent objectId:  
UpnpBrowserModel::rowCount() parent objectId:  
UpnpBrowserModel::rowCount() parent objectId:  
UpnpBrowserModel::rowCount() parent objectId:  
UpnpBrowserModel::hasChildren() parent objectId:  
UpnpBrowserModel::hasChildren() parent objectId:  
UpnpBrowserModel::rowCount() parent objectId:  
UpnpBrowserModel::rowCount() parent objectId:  
UpnpBrowserModel::rowCount() parent objectId:  
UpnpBrowserModel::rowCount() parent objectId:  
UpnpObject::getTitle() objectId: 0 
UpnpBrowserModel::fetchMore() parent objectId:  
UpnpObject::fetchChildren() objectId:  
UpnpBrowserModel::canFetchMore() parent objectId:  
UpnpBrowserModel::canFetchMore() parent objectId:  
UpnpController::OnMSStateVariablesChanged() on service: urn:schemas-upnp-org:service:ContentDirectory:1 
UpnpController::OnMSStateVariablesChanged(): SystemUpdateID 35 ui4 
UpnpController::OnMRStateVariablesChanged() on service: urn:schemas-upnp-org:service:ContentDirectory:1 
UpnpController::OnMRStateVariablesChanged(): SystemUpdateID 35 ui4 
UpnpController::OnMSStateVariablesChanged() on service: urn:schemas-upnp-org:service:ConnectionManager:1 
UpnpController::OnMSStateVariablesChanged(): CurrentConnectionIDs 0 string 
UpnpController::OnMRStateVariablesChanged() on service: urn:schemas-upnp-org:service:ConnectionManager:1 
UpnpController::OnMRStateVariablesChanged(): CurrentConnectionIDs 0 string 
UpnpBrowserModel::rowCount() parent objectId:  
UpnpBrowserModel::hasChildren() parent objectId: 0 
UpnpObject::isContainer() objectId: 0 
UpnpBrowserModel::rowCount() parent objectId:  
UpnpObject::getTitle() objectId: 0 
UpnpController::OnMSStateVariablesChanged() on service: urn:schemas-upnp-org:service:ContentDirectory:1 
UpnpController::OnMSStateVariablesChanged(): SystemUpdateID 35 ui4 
UpnpController::OnMRStateVariablesChanged() on service: urn:schemas-upnp-org:service:ContentDirectory:1 
UpnpController::OnMRStateVariablesChanged(): SystemUpdateID 35 ui4 
UpnpBrowserModel::rowCount() parent objectId:  
UpnpBrowserModel::hasChildren() parent objectId: 0 
UpnpObject::isContainer() objectId: 0 
UpnpBrowserModel::rowCount() parent objectId:  
UpnpObject::getTitle() objectId: 0 
UpnpBrowserModel::rowCount() parent objectId:  
UpnpBrowserModel::hasChildren() parent objectId: 0 
UpnpObject::isContainer() objectId: 0 
UpnpBrowserModel::rowCount() parent objectId:  
UpnpObject::getTitle() objectId: 0 
UpnpBrowserModel::rowCount() parent objectId:  
UpnpBrowserModel::hasChildren() parent objectId: 0 
UpnpObject::isContainer() objectId: 0 
UpnpBrowserModel::rowCount() parent objectId:  
UpnpObject::getTitle() objectId: 0 
UpnpBrowserModel::rowCount() parent objectId:  
UpnpBrowserModel::rowCount() parent objectId:  
UpnpBrowserModel::rowCount() parent objectId:  
UpnpBrowserModel::rowCount() parent objectId:  
UpnpBrowserModel::rowCount() parent objectId:  
UpnpBrowserModel::hasChildren() parent objectId: 0 
UpnpObject::isContainer() objectId: 0 
UpnpBrowserModel::rowCount() parent objectId:  
UpnpObject::getTitle() objectId: 0 
UpnpBrowserModel::rowCount() parent objectId:  
UpnpBrowserModel::rowCount() parent objectId:  
UpnpBrowserModel::rowCount() parent objectId:  
UpnpBrowserModel::rowCount() parent objectId:  
UpnpBrowserModel::rowCount() parent objectId:  
UpnpBrowserModel::hasChildren() parent objectId: 0 
UpnpObject::isContainer() objectId: 0 
UpnpBrowserModel::rowCount() parent objectId:  
UpnpObject::getTitle() objectId: 0 
UpnpBrowserModel::rowCount() parent objectId:  
UpnpBrowserModel::rowCount() parent objectId:  
UpnpBrowserModel::rowCount() parent objectId:  
UpnpBrowserModel::hasChildren() parent objectId: 0 
UpnpObject::isContainer() objectId: 0 
UpnpBrowserModel::rowCount() parent objectId:  
UpnpObject::getTitle() objectId: 0 
UpnpBrowserModel::rowCount() parent objectId:  
UpnpBrowserModel::rowCount() parent objectId:  
UpnpBrowserModel::rowCount() parent objectId:  
UpnpBrowserModel::hasChildren() parent objectId: 0 
UpnpObject::isContainer() objectId: 0 
UpnpBrowserModel::rowCount() parent objectId:  
UpnpObject::getTitle() objectId: 0 
UpnpBrowserModel::rowCount() parent objectId:  
UpnpBrowserModel::rowCount() parent objectId:  
UpnpBrowserModel::rowCount() parent objectId:  
UpnpBrowserModel::hasChildren() parent objectId: 0 
UpnpObject::isContainer() objectId: 0 
UpnpBrowserModel::rowCount() parent objectId:  
UpnpObject::getTitle() objectId: 0 
UpnpBrowserModel::rowCount() parent objectId:  
UpnpBrowserModel::rowCount() parent objectId:  
UpnpBrowserModel::rowCount() parent objectId:  
UpnpBrowserModel::hasChildren() parent objectId: 0 
UpnpObject::isContainer() objectId: 0 
UpnpBrowserModel::rowCount() parent objectId:  
UpnpObject::getTitle() objectId: 0 
UpnpBrowserModel::rowCount() parent objectId:  
UpnpBrowserModel::rowCount() parent objectId:  
UpnpBrowserModel::rowCount() parent objectId:  
UpnpBrowserModel::hasChildren() parent objectId: 0 
UpnpObject::isContainer() objectId: 0 
UpnpBrowserModel::rowCount() parent objectId:  
UpnpObject::getTitle() objectId: 0 
UpnpBrowserModel::rowCount() parent objectId:  
UpnpBrowserModel::rowCount() parent objectId:  
UpnpBrowserModel::rowCount() parent objectId:  
UpnpBrowserModel::hasChildren() parent objectId: 0 
UpnpObject::isContainer() objectId: 0 
UpnpBrowserModel::rowCount() parent objectId:  
UpnpObject::getTitle() objectId: 0 
UpnpBrowserModel::rowCount() parent objectId:  
UpnpBrowserModel::rowCount() parent objectId:  
UpnpBrowserModel::rowCount() parent objectId:  
UpnpBrowserModel::hasChildren() parent objectId: 0 
UpnpObject::isContainer() objectId: 0 
UpnpBrowserModel::rowCount() parent objectId:  
UpnpObject::getTitle() objectId: 0 
UpnpBrowserModel::rowCount() parent objectId:  
UpnpBrowserModel::rowCount() parent objectId:  
UpnpBrowserModel::rowCount() parent objectId:  
UpnpBrowserModel::hasChildren() parent objectId: 0 
UpnpObject::isContainer() objectId: 0 
UpnpBrowserModel::rowCount() parent objectId:  
UpnpObject::getTitle() objectId: 0 
UpnpBrowserModel::rowCount() parent objectId:  
UpnpBrowserModel::rowCount() parent objectId:  
UpnpBrowserModel::rowCount() parent objectId:  
UpnpBrowserModel::hasChildren() parent objectId: 0 
UpnpObject::isContainer() objectId: 0 
UpnpBrowserModel::rowCount() parent objectId:  
UpnpObject::getTitle() objectId: 0 
UpnpBrowserModel::rowCount() parent objectId:  
UpnpBrowserModel::rowCount() parent objectId:  
UpnpBrowserModel::rowCount() parent objectId:  
UpnpBrowserModel::rowCount() parent objectId:  
UpnpBrowserModel::hasChildren() parent objectId: 0 
UpnpObject::isContainer() objectId: 0 
UpnpBrowserModel::rowCount() parent objectId:  
UpnpObject::getTitle() objectId: 0 
UpnpBrowserModel::rowCount() parent objectId:  
UpnpBrowserModel::rowCount() parent objectId:  
UpnpBrowserModel::rowCount() parent objectId:  
UpnpBrowserModel::hasChildren() parent objectId: 0 
UpnpObject::isContainer() objectId: 0 
UpnpBrowserModel::rowCount() parent objectId:  
UpnpObject::getTitle() objectId: 0 
UpnpBrowserModel::rowCount() parent objectId:  
UpnpBrowserModel::rowCount() parent objectId:  
UpnpBrowserModel::rowCount() parent objectId:  
UpnpBrowserModel::hasChildren() parent objectId: 0 
UpnpObject::isContainer() objectId: 0 
UpnpBrowserModel::rowCount() parent objectId:  
UpnpObject::getTitle() objectId: 0 
UpnpBrowserModel::rowCount() parent objectId:  
UpnpBrowserModel::rowCount() parent objectId:  
UpnpBrowserModel::rowCount() parent objectId:  
UpnpBrowserModel::hasChildren() parent objectId: 0 
UpnpObject::isContainer() objectId: 0 
UpnpBrowserModel::rowCount() parent objectId:  
UpnpObject::getTitle() objectId: 0 
UpnpBrowserModel::rowCount() parent objectId:  
UpnpBrowserModel::rowCount() parent objectId:  
UpnpBrowserModel::rowCount() parent objectId:  
UpnpBrowserModel::hasChildren() parent objectId: 0 
UpnpObject::isContainer() objectId: 0 
UpnpBrowserModel::rowCount() parent objectId:  
UpnpObject::getTitle() objectId: 0 
UpnpBrowserModel::rowCount() parent objectId:  
UpnpBrowserModel::rowCount() parent objectId:  
UpnpBrowserModel::rowCount() parent objectId:  
UpnpBrowserModel::hasChildren() parent objectId: 0 
UpnpObject::isContainer() objectId: 0 
UpnpBrowserModel::rowCount() parent objectId:  
UpnpObject::getTitle() objectId: 0 
UpnpBrowserModel::rowCount() parent objectId:  
UpnpBrowserModel::rowCount() parent objectId:  
UpnpBrowserModel::rowCount() parent objectId:  
UpnpBrowserModel::hasChildren() parent objectId: 0 
UpnpObject::isContainer() objectId: 0 
UpnpBrowserModel::rowCount() parent objectId:  
UpnpObject::getTitle() objectId: 0 
UpnpBrowserModel::rowCount() parent objectId:  
UpnpBrowserModel::rowCount() parent objectId:  
UpnpBrowserModel::rowCount() parent objectId:  
UpnpBrowserModel::hasChildren() parent objectId: 0 
UpnpObject::isContainer() objectId: 0 
UpnpBrowserModel::rowCount() parent objectId:  
UpnpObject::getTitle() objectId: 0 
UpnpBrowserModel::rowCount() parent objectId:  
UpnpBrowserModel::rowCount() parent objectId:  
UpnpBrowserModel::rowCount() parent objectId:  
UpnpBrowserModel::hasChildren() parent objectId: 0 
UpnpObject::isContainer() objectId: 0 
UpnpBrowserModel::rowCount() parent objectId:  
UpnpObject::getTitle() objectId: 0 
UpnpBrowserModel::rowCount() parent objectId:  
UpnpBrowserModel::rowCount() parent objectId:  
UpnpBrowserModel::rowCount() parent objectId:  
UpnpBrowserModel::hasChildren() parent objectId: 0 
UpnpObject::isContainer() objectId: 0 
UpnpBrowserModel::rowCount() parent objectId:  
UpnpObject::getTitle() objectId: 0 
UpnpBrowserModel::rowCount() parent objectId:  
UpnpBrowserModel::rowCount() parent objectId:  
UpnpBrowserModel::rowCount() parent objectId:  
UpnpBrowserModel::hasChildren() parent objectId: 0 
UpnpObject::isContainer() objectId: 0 
UpnpBrowserModel::rowCount() parent objectId:  
UpnpObject::getTitle() objectId: 0 
UpnpBrowserModel::rowCount() parent objectId:  
UpnpBrowserModel::rowCount() parent objectId:  
UpnpBrowserModel::rowCount() parent objectId:  
UpnpBrowserModel::hasChildren() parent objectId: 0 
UpnpObject::isContainer() objectId: 0 
UpnpBrowserModel::rowCount() parent objectId:  
UpnpObject::getTitle() objectId: 0 
UpnpBrowserModel::rowCount() parent objectId:  
UpnpBrowserModel::rowCount() parent objectId:  
UpnpBrowserModel::rowCount() parent objectId:  
UpnpBrowserModel::hasChildren() parent objectId: 0 
UpnpObject::isContainer() objectId: 0 
UpnpBrowserModel::rowCount() parent objectId:  
UpnpObject::getTitle() objectId: 0 
UpnpBrowserModel::rowCount() parent objectId:  
UpnpBrowserModel::rowCount() parent objectId:  
UpnpBrowserModel::rowCount() parent objectId:  
UpnpBrowserModel::hasChildren() parent objectId: 0 
UpnpObject::isContainer() objectId: 0 
UpnpBrowserModel::rowCount() parent objectId:  
UpnpObject::getTitle() objectId: 0 
UpnpBrowserModel::rowCount() parent objectId:  
UpnpBrowserModel::rowCount() parent objectId:  
UpnpBrowserModel::rowCount() parent objectId:  
UpnpBrowserModel::hasChildren() parent objectId: 0 
UpnpObject::isContainer() objectId: 0 
UpnpBrowserModel::rowCount() parent objectId:  
UpnpObject::getTitle() objectId: 0 
UpnpBrowserModel::rowCount() parent objectId:  
UpnpBrowserModel::rowCount() parent objectId:  
UpnpBrowserModel::rowCount() parent objectId:  
UpnpBrowserModel::hasChildren() parent objectId: 0 
UpnpObject::isContainer() objectId: 0 
UpnpBrowserModel::rowCount() parent objectId:  
UpnpObject::getTitle() objectId: 0 
UpnpBrowserModel::rowCount() parent objectId:  
UpnpBrowserModel::rowCount() parent objectId:  
UpnpBrowserModel::rowCount() parent objectId:  
UpnpBrowserModel::hasChildren() parent objectId: 0 
UpnpObject::isContainer() objectId: 0 
UpnpBrowserModel::rowCount() parent objectId:  
UpnpObject::getTitle() objectId: 0 
UpnpBrowserModel::rowCount() parent objectId:  
UpnpBrowserModel::rowCount() parent objectId:  
UpnpBrowserModel::rowCount() parent objectId:  
UpnpBrowserModel::hasChildren() parent objectId: 0 
UpnpObject::isContainer() objectId: 0 
UpnpBrowserModel::rowCount() parent objectId:  
UpnpObject::getTitle() objectId: 0 
UpnpBrowserModel::rowCount() parent objectId:  
UpnpBrowserModel::rowCount() parent objectId:  
UpnpBrowserModel::rowCount() parent objectId:  
UpnpBrowserModel::rowCount() parent objectId:  
UpnpBrowserModel::canFetchMore() parent objectId:  
UpnpBrowserModel::hasChildren() parent objectId: 0 
UpnpObject::isContainer() objectId: 0 
UpnpBrowserModel::rowCount() parent objectId:  
UpnpBrowserModel::hasChildren() parent objectId: 0 
UpnpObject::isContainer() objectId: 0 
UpnpBrowserModel::rowCount() parent objectId: 0 
UpnpBrowserModel::hasChildren() parent objectId: 0 
UpnpObject::isContainer() objectId: 0 
UpnpBrowserModel::rowCount() parent objectId: 0 
UpnpBrowserModel::canFetchMore() parent objectId: 0 
UpnpBrowserModel::fetchMore() parent objectId: 0 
UpnpObject::fetchChildren() objectId: 0 
UpnpServer::browseChildren() objectId: 0 
UpnpServer::browseChildren() send browse packet 
UpnpServer::browseChildren() number of objects found: 4 
UpnpObject::getTitle() objectId: 0 
UpnpBrowserModel::canFetchMore() parent objectId:  
UpnpBrowserModel::rowCount() parent objectId:  
UpnpBrowserModel::hasChildren() parent objectId: 0 
UpnpObject::isContainer() objectId: 0 
UpnpBrowserModel::rowCount() parent objectId:  
UpnpObject::getTitle() objectId: 0 
UpnpBrowserModel::canFetchMore() parent objectId:  
UpnpBrowserModel::rowCount() parent objectId:  
UpnpBrowserModel::hasChildren() parent objectId: 0 
UpnpObject::isContainer() objectId: 0 
UpnpBrowserModel::rowCount() parent objectId:  
UpnpObject::getTitle() objectId: 0 
UpnpBrowserModel::rowCount() parent objectId:  
UpnpBrowserModel::rowCount() parent objectId:  
UpnpBrowserModel::rowCount() parent objectId:  
UpnpBrowserModel::hasChildren() parent objectId: 0 
UpnpObject::isContainer() objectId: 0 
UpnpBrowserModel::rowCount() parent objectId:  
UpnpObject::getTitle() objectId: 0 
UpnpBrowserModel::rowCount() parent objectId:  
UpnpBrowserModel::rowCount() parent objectId:  
UpnpBrowserModel::rowCount() parent objectId:  
UpnpBrowserModel::hasChildren() parent objectId: 0 
UpnpObject::isContainer() objectId: 0 
UpnpBrowserModel::rowCount() parent objectId:  
UpnpObject::getTitle() objectId: 0 
UpnpBrowserModel::rowCount() parent objectId:  
UpnpBrowserModel::rowCount() parent objectId:  
UpnpBrowserModel::rowCount() parent objectId:  
UpnpBrowserModel::hasChildren() parent objectId: 0 
UpnpObject::isContainer() objectId: 0 
UpnpBrowserModel::rowCount() parent objectId:  
UpnpObject::getTitle() objectId: 0 
UpnpBrowserModel::rowCount() parent objectId:  
UpnpBrowserModel::rowCount() parent objectId:  
UpnpBrowserModel::rowCount() parent objectId:  
UpnpBrowserModel::hasChildren() parent objectId: 0 
UpnpObject::isContainer() objectId: 0 
UpnpBrowserModel::rowCount() parent objectId:  
UpnpObject::getTitle() objectId: 0 
UpnpBrowserModel::rowCount() parent objectId:  
UpnpBrowserModel::rowCount() parent objectId:  
UpnpBrowserModel::rowCount() parent objectId:  
UpnpBrowserModel::hasChildren() parent objectId: 0 
UpnpObject::isContainer() objectId: 0 
UpnpBrowserModel::rowCount() parent objectId:  
UpnpObject::getTitle() objectId: 0 
UpnpBrowserModel::rowCount() parent objectId:  
UpnpBrowserModel::rowCount() parent objectId:  
UpnpBrowserModel::rowCount() parent objectId:  
UpnpBrowserModel::hasChildren() parent objectId: 0 
UpnpObject::isContainer() objectId: 0 
UpnpBrowserModel::rowCount() parent objectId:  
UpnpObject::getTitle() objectId: 0 
UpnpBrowserModel::rowCount() parent objectId:  
UpnpBrowserModel::rowCount() parent objectId:  
UpnpBrowserModel::rowCount() parent objectId:  
UpnpBrowserModel::rowCount() parent objectId:  
UpnpBrowserModel::hasChildren() parent objectId: 0 
UpnpObject::isContainer() objectId: 0 
UpnpBrowserModel::rowCount() parent objectId:  
UpnpObject::getTitle() objectId: 0 
UpnpBrowserModel::rowCount() parent objectId:  
UpnpBrowserModel::rowCount() parent objectId:  
UpnpBrowserModel::rowCount() parent objectId:  
UpnpBrowserModel::hasChildren() parent objectId: 0 
UpnpObject::isContainer() objectId: 0 
UpnpBrowserModel::rowCount() parent objectId:  
UpnpObject::getTitle() objectId: 0 
UpnpBrowserModel::rowCount() parent objectId:  
UpnpBrowserModel::rowCount() parent objectId:  
UpnpBrowserModel::rowCount() parent objectId:  
UpnpBrowserModel::hasChildren() parent objectId: 0 
UpnpObject::isContainer() objectId: 0 
UpnpBrowserModel::rowCount() parent objectId:  
UpnpObject::getTitle() objectId: 0 
UpnpBrowserModel::rowCount() parent objectId:  
UpnpBrowserModel::rowCount() parent objectId:  
UpnpBrowserModel::rowCount() parent objectId:  
UpnpBrowserModel::hasChildren() parent objectId: 0 
UpnpObject::isContainer() objectId: 0 
UpnpBrowserModel::rowCount() parent objectId:  
UpnpObject::getTitle() objectId: 0 
UpnpBrowserModel::rowCount() parent objectId:  
UpnpBrowserModel::rowCount() parent objectId:  
UpnpBrowserModel::rowCount() parent objectId:  
UpnpBrowserModel::hasChildren() parent objectId: 0 
UpnpObject::isContainer() objectId: 0 
UpnpBrowserModel::rowCount() parent objectId:  
UpnpObject::getTitle() objectId: 0 
UpnpBrowserModel::rowCount() parent objectId:  
UpnpBrowserModel::rowCount() parent objectId:  
UpnpBrowserModel::rowCount() parent objectId:  
UpnpBrowserModel::hasChildren() parent objectId: 0 
UpnpObject::isContainer() objectId: 0 
UpnpBrowserModel::rowCount() parent objectId:  
UpnpObject::getTitle() objectId: 0 
UpnpBrowserModel::rowCount() parent objectId:  
UpnpBrowserModel::rowCount() parent objectId:  
UpnpBrowserModel::rowCount() parent objectId:  
UpnpBrowserModel::hasChildren() parent objectId: 0 
UpnpObject::isContainer() objectId: 0 
UpnpBrowserModel::rowCount() parent objectId:  
UpnpObject::getTitle() objectId: 0 
UpnpBrowserModel::rowCount() parent objectId:  
UpnpBrowserModel::rowCount() parent objectId:  
UpnpBrowserModel::rowCount() parent objectId:  
UpnpBrowserModel::hasChildren() parent objectId: 0 
UpnpObject::isContainer() objectId: 0 
UpnpBrowserModel::rowCount() parent objectId:  
UpnpObject::getTitle() objectId: 0 
UpnpBrowserModel::rowCount() parent objectId:  
UpnpBrowserModel::rowCount() parent objectId:  
UpnpBrowserModel::rowCount() parent objectId:  
UpnpBrowserModel::hasChildren() parent objectId: 0 
UpnpObject::isContainer() objectId: 0 
UpnpBrowserModel::rowCount() parent objectId:  
UpnpObject::getTitle() objectId: 0 
UpnpBrowserModel::rowCount() parent objectId:  
UpnpBrowserModel::rowCount() parent objectId:  
UpnpBrowserModel::rowCount() parent objectId:  
UpnpBrowserModel::hasChildren() parent objectId: 0 
UpnpObject::isContainer() objectId: 0 
UpnpBrowserModel::rowCount() parent objectId:  
UpnpObject::getTitle() objectId: 0 
UpnpBrowserModel::rowCount() parent objectId:  
UpnpBrowserModel::rowCount() parent objectId:  
UpnpBrowserModel::rowCount() parent objectId:  
UpnpBrowserModel::hasChildren() parent objectId: 0 
UpnpObject::isContainer() objectId: 0 
UpnpBrowserModel::rowCount() parent objectId:  
UpnpObject::getTitle() objectId: 0 
UpnpBrowserModel::rowCount() parent objectId:  
UpnpBrowserModel::rowCount() parent objectId:  
UpnpBrowserModel::rowCount() parent objectId:  
UpnpBrowserModel::hasChildren() parent objectId: 0 
UpnpObject::isContainer() objectId: 0 
UpnpBrowserModel::rowCount() parent objectId:  
UpnpObject::getTitle() objectId: 0 
UpnpBrowserModel::canFetchMore() parent objectId:  
UpnpController::~UpnpController() 
